




  RAIDA Health: 25 / 25: The RAIDA is ready for counterfeit detection.

.........................  Do you want to export your CloudCoin to (1)jpgs or (2) stack (JSON) file?
Writing to /Users/navrajsingh/CloudCoin/Export/1.CloudCoin.1.1069655..jpg
Writing to /Users/navrajsingh/CloudCoin/Export/1.CloudCoin.1.1069655..jpg
Writing to /Users/navrajsingh/CloudCoin/Export/1.CloudCoin.1.1069658..jpg
Writing to /Users/navrajsingh/CloudCoin/Export/1.CloudCoin.1.1069658..jpg
  Exporting CloudCoins Completed.

/Users/navrajsingh/CloudCoin/Export/1.CloudCoin.1.1069655..jpg
/Users/navrajsingh/CloudCoin/Export/1.CloudCoin.1.1069658..jpg

  Loading all CloudCoins in your import folder: 
/Users/navrajsingh/CloudCoin/Import/
Importing the following files: 
1.CloudCoin.1.1069655..jpg
1.CloudCoin.1.1069655..jpg
Trying to load: /Users/navrajsingh/CloudCoin/Import/1.CloudCoin.1.1069655..jpg
1.CloudCoin.1.1069658..jpg
1.CloudCoin.1.1069658..jpg
Trying to load: /Users/navrajsingh/CloudCoin/Import/1.CloudCoin.1.1069658..jpg

  Detecting Authentication of Suspect Coins
Now scanning coin 1 of 2 for counterfeit. SN 10,69,655, Denomination: 1
Now scanning coin 1 of 2 for counterfeit. SN 10,69,655, Denomination: 1

1069655 detect:0 pass
1069655 detect:1 pass
1069655 detect:2 pass
1069655 detect:3 pass
1069655 detect:4 pass
1069655 detect:5 pass
1069655 detect:6 pass
1069655 detect:7 pass
1069655 detect:8 pass
1069655 detect:9 pass
1069655 detect:10 pass
1069655 detect:11 pass
1069655 detect:12 pass
1069655 detect:13 pass
1069655 detect:14 pass
1069655 detect:15 pass
1069655 detect:16 
pass
1069655 detect:17 pass
1069655 detect:18 pass
1069655 detect:19 pass
1069655 detect:20 pass
1069655 detect:21 pass
1069655 detect:22 pass
1069655 detect:23 
pass
1069655 detect:24 pass
Now scanning coin 2 of 2 for counterfeit. SN 10,69,658, Denomination: 1
Now scanning coin 2 of 2 for counterfeit. SN 10,69,658, Denomination: 1

1069658 detect:0 pass
1069658 detect:1 pass
1069658 detect:2 pass
1069658 detect:3 pass
1069658 detect:4 pass
1069658 detect:5 pass
1069658 detect:6 pass
1069658 detect:7 pass
1069658 detect:8 pass
1069658 detect:9 pass
1069658 detect:10 pass
1069658 detect:11 pass
1069658 detect:12 pass
1069658 detect:13 pass
1069658 detect:14 pass
1069658 detect:15 pass
1069658 detect:16 
pass
1069658 detect:17 pass
1069658 detect:18 pass
1069658 detect:19 pass
1069658 detect:20 pass
1069658 detect:21 pass
1069658 detect:22 pass
1069658 detect:23 
pass
1069658 detect:24 pass
  Total imported to bank: 2
  Total Counterfeit: 0
  Total Kept in suspect folder: 0
00:00:05.3203584 ms
Hello, world



